0 info it worked if it ends with ok
1 verbose cli [ '/home/developer/.nvm/versions/node/v4.4.5/bin/node',
1 verbose cli   '/home/developer/.nvm/versions/node/v4.4.5/bin/npm',
1 verbose cli   'start' ]
2 info using npm@3.9.2
3 info using node@v4.4.5
4 verbose run-script [ 'prestart', 'start', 'poststart' ]
5 info lifecycle mean-app@0.0.0~prestart: mean-app@0.0.0
6 silly lifecycle mean-app@0.0.0~prestart: no script for prestart, continuing
7 info lifecycle mean-app@0.0.0~start: mean-app@0.0.0
8 verbose lifecycle mean-app@0.0.0~start: unsafe-perm in lifecycle true
9 verbose lifecycle mean-app@0.0.0~start: PATH: /home/developer/.nvm/versions/node/v4.4.5/lib/node_modules/npm/bin/node-gyp-bin:/home/developer/Downloads/MEAN/v3.0/mean-app/node_modules/.bin:/home/developer/.nvm/versions/node/v4.4.5/bin:/home/developer/.nvm/versions/node/v4.4.5/bin:/opt/firefox_test:/opt/java/latest/bin:/opt/iona/asp6.3.4/asp/6.3/bin:/opt/orbixetc/bin:/home/developer/bin:/usr/local/sbin:/usr/local/bin:/usr/sbin:/usr/bin:/sbin:/bin:/usr/games:/usr/local/games:/opt/groovy/latest/bin:/opt/gradle/latest/bin:/opt/maven3/bin:/opt/idea/bin
10 verbose lifecycle mean-app@0.0.0~start: CWD: /home/developer/Downloads/MEAN/v3.0/mean-app
11 silly lifecycle mean-app@0.0.0~start: Args: [ '-c', 'node ./bin/www' ]
12 silly lifecycle mean-app@0.0.0~start: Returned: code: 1  signal: null
13 info lifecycle mean-app@0.0.0~start: Failed to exec start script
14 verbose stack Error: mean-app@0.0.0 start: `node ./bin/www`
14 verbose stack Exit status 1
14 verbose stack     at EventEmitter.<anonymous> (/home/developer/.nvm/versions/node/v4.4.5/lib/node_modules/npm/lib/utils/lifecycle.js:245:16)
14 verbose stack     at emitTwo (events.js:87:13)
14 verbose stack     at EventEmitter.emit (events.js:172:7)
14 verbose stack     at ChildProcess.<anonymous> (/home/developer/.nvm/versions/node/v4.4.5/lib/node_modules/npm/lib/utils/spawn.js:24:14)
14 verbose stack     at emitTwo (events.js:87:13)
14 verbose stack     at ChildProcess.emit (events.js:172:7)
14 verbose stack     at maybeClose (internal/child_process.js:827:16)
14 verbose stack     at Process.ChildProcess._handle.onexit (internal/child_process.js:211:5)
15 verbose pkgid mean-app@0.0.0
16 verbose cwd /home/developer/Downloads/MEAN/v3.0/mean-app
17 error Linux 3.13.0-88-generic
18 error argv "/home/developer/.nvm/versions/node/v4.4.5/bin/node" "/home/developer/.nvm/versions/node/v4.4.5/bin/npm" "start"
19 error node v4.4.5
20 error npm  v3.9.2
21 error code ELIFECYCLE
22 error mean-app@0.0.0 start: `node ./bin/www`
22 error Exit status 1
23 error Failed at the mean-app@0.0.0 start script 'node ./bin/www'.
23 error Make sure you have the latest version of node.js and npm installed.
23 error If you do, this is most likely a problem with the mean-app package,
23 error not with npm itself.
23 error Tell the author that this fails on your system:
23 error     node ./bin/www
23 error You can get information on how to open an issue for this project with:
23 error     npm bugs mean-app
23 error Or if that isn't available, you can get their info via:
23 error     npm owner ls mean-app
23 error There is likely additional logging output above.
24 verbose exit [ 1, true ]
